<?xml version="1.0" encoding="UTF-8"?>
<testsuite xmlns:xsi="http://www.w3.org/2001/XMLSchema-instance" xsi:noNamespaceSchemaLocation="https://maven.apache.org/surefire/maven-surefire-plugin/xsd/surefire-test-report.xsd" name="com.usher.AppTest" time="0.043" tests="1" errors="0" skipped="0" failures="0">
  <properties>
    <property name="sun.desktop" value="windows"/>
    <property name="awt.toolkit" value="sun.awt.windows.WToolkit"/>
    <property name="file.encoding.pkg" value="sun.io"/>
    <property name="java.specification.version" value="1.8"/>
    <property name="sun.cpu.isalist" value="amd64"/>
    <property name="sun.jnu.encoding" value="GBK"/>
    <property name="java.class.path" value="E:\git_repository\techstack-examples\rpc-lite\rpc-core\target\test-classes;E:\git_repository\techstack-examples\rpc-lite\rpc-core\target\classes;E:\Maven_repository\com\caucho\hessian\4.0.38\hessian-4.0.38.jar;E:\Maven_repository\org\eclipse\jetty\jetty-server\7.6.9.v20130131\jetty-server-7.6.9.v20130131.jar;E:\Maven_repository\org\eclipse\jetty\orbit\javax.servlet\2.5.0.v201103041518\javax.servlet-2.5.0.v201103041518.jar;E:\Maven_repository\org\eclipse\jetty\jetty-continuation\9.4.11.v20180605\jetty-continuation-9.4.11.v20180605.jar;E:\Maven_repository\org\eclipse\jetty\jetty-http\7.6.9.v20130131\jetty-http-7.6.9.v20130131.jar;E:\Maven_repository\org\eclipse\jetty\jetty-io\7.6.9.v20130131\jetty-io-7.6.9.v20130131.jar;E:\Maven_repository\org\eclipse\jetty\jetty-util\7.6.9.v20130131\jetty-util-7.6.9.v20130131.jar;E:\Maven_repository\org\springframework\boot\spring-boot-starter-data-elasticsearch\2.0.4.RELEASE\spring-boot-starter-data-elasticsearch-2.0.4.RELEASE.jar;E:\Maven_repository\org\springframework\boot\spring-boot-starter\2.0.4.RELEASE\spring-boot-starter-2.0.4.RELEASE.jar;E:\Maven_repository\org\springframework\boot\spring-boot\2.0.4.RELEASE\spring-boot-2.0.4.RELEASE.jar;E:\Maven_repository\org\springframework\boot\spring-boot-autoconfigure\2.0.4.RELEASE\spring-boot-autoconfigure-2.0.4.RELEASE.jar;E:\Maven_repository\org\springframework\boot\spring-boot-starter-logging\2.0.4.RELEASE\spring-boot-starter-logging-2.0.4.RELEASE.jar;E:\Maven_repository\ch\qos\logback\logback-classic\1.2.3\logback-classic-1.2.3.jar;E:\Maven_repository\ch\qos\logback\logback-core\1.2.3\logback-core-1.2.3.jar;E:\Maven_repository\org\apache\logging\log4j\log4j-to-slf4j\2.10.0\log4j-to-slf4j-2.10.0.jar;E:\Maven_repository\org\slf4j\jul-to-slf4j\1.7.25\jul-to-slf4j-1.7.25.jar;E:\Maven_repository\javax\annotation\javax.annotation-api\1.3.2\javax.annotation-api-1.3.2.jar;E:\Maven_repository\org\yaml\snakeyaml\1.19\snakeyaml-1.19.jar;E:\Maven_repository\org\springframework\data\spring-data-elasticsearch\3.0.9.RELEASE\spring-data-elasticsearch-3.0.9.RELEASE.jar;E:\Maven_repository\org\springframework\spring-context\5.0.8.RELEASE\spring-context-5.0.8.RELEASE.jar;E:\Maven_repository\org\springframework\spring-tx\5.0.8.RELEASE\spring-tx-5.0.8.RELEASE.jar;E:\Maven_repository\org\springframework\data\spring-data-commons\2.0.9.RELEASE\spring-data-commons-2.0.9.RELEASE.jar;E:\Maven_repository\joda-time\joda-time\2.9.9\joda-time-2.9.9.jar;E:\Maven_repository\org\elasticsearch\client\transport\5.6.10\transport-5.6.10.jar;E:\Maven_repository\org\elasticsearch\elasticsearch\5.6.10\elasticsearch-5.6.10.jar;E:\Maven_repository\org\apache\lucene\lucene-core\6.6.1\lucene-core-6.6.1.jar;E:\Maven_repository\org\apache\lucene\lucene-analyzers-common\6.6.1\lucene-analyzers-common-6.6.1.jar;E:\Maven_repository\org\apache\lucene\lucene-backward-codecs\6.6.1\lucene-backward-codecs-6.6.1.jar;E:\Maven_repository\org\apache\lucene\lucene-grouping\6.6.1\lucene-grouping-6.6.1.jar;E:\Maven_repository\org\apache\lucene\lucene-highlighter\6.6.1\lucene-highlighter-6.6.1.jar;E:\Maven_repository\org\apache\lucene\lucene-join\6.6.1\lucene-join-6.6.1.jar;E:\Maven_repository\org\apache\lucene\lucene-memory\6.6.1\lucene-memory-6.6.1.jar;E:\Maven_repository\org\apache\lucene\lucene-misc\6.6.1\lucene-misc-6.6.1.jar;E:\Maven_repository\org\apache\lucene\lucene-queries\6.6.1\lucene-queries-6.6.1.jar;E:\Maven_repository\org\apache\lucene\lucene-queryparser\6.6.1\lucene-queryparser-6.6.1.jar;E:\Maven_repository\org\apache\lucene\lucene-sandbox\6.6.1\lucene-sandbox-6.6.1.jar;E:\Maven_repository\org\apache\lucene\lucene-spatial\6.6.1\lucene-spatial-6.6.1.jar;E:\Maven_repository\org\apache\lucene\lucene-spatial-extras\6.6.1\lucene-spatial-extras-6.6.1.jar;E:\Maven_repository\org\apache\lucene\lucene-spatial3d\6.6.1\lucene-spatial3d-6.6.1.jar;E:\Maven_repository\org\apache\lucene\lucene-suggest\6.6.1\lucene-suggest-6.6.1.jar;E:\Maven_repository\org\elasticsearch\securesm\1.2\securesm-1.2.jar;E:\Maven_repository\net\sf\jopt-simple\jopt-simple\5.0.2\jopt-simple-5.0.2.jar;E:\Maven_repository\com\carrotsearch\hppc\0.7.1\hppc-0.7.1.jar;E:\Maven_repository\com\fasterxml\jackson\dataformat\jackson-dataformat-smile\2.9.6\jackson-dataformat-smile-2.9.6.jar;E:\Maven_repository\com\fasterxml\jackson\dataformat\jackson-dataformat-yaml\2.9.6\jackson-dataformat-yaml-2.9.6.jar;E:\Maven_repository\com\fasterxml\jackson\dataformat\jackson-dataformat-cbor\2.9.6\jackson-dataformat-cbor-2.9.6.jar;E:\Maven_repository\com\tdunning\t-digest\3.0\t-digest-3.0.jar;E:\Maven_repository\org\hdrhistogram\HdrHistogram\2.1.9\HdrHistogram-2.1.9.jar;E:\Maven_repository\org\elasticsearch\plugin\reindex-client\5.6.10\reindex-client-5.6.10.jar;E:\Maven_repository\org\elasticsearch\client\elasticsearch-rest-client\5.6.10\elasticsearch-rest-client-5.6.10.jar;E:\Maven_repository\org\apache\httpcomponents\httpclient\4.5.6\httpclient-4.5.6.jar;E:\Maven_repository\org\apache\httpcomponents\httpcore\4.4.10\httpcore-4.4.10.jar;E:\Maven_repository\org\apache\httpcomponents\httpasyncclient\4.1.3\httpasyncclient-4.1.3.jar;E:\Maven_repository\org\apache\httpcomponents\httpcore-nio\4.4.10\httpcore-nio-4.4.10.jar;E:\Maven_repository\commons-codec\commons-codec\1.11\commons-codec-1.11.jar;E:\Maven_repository\org\elasticsearch\plugin\lang-mustache-client\5.6.10\lang-mustache-client-5.6.10.jar;E:\Maven_repository\com\github\spullara\mustache\java\compiler\0.9.3\compiler-0.9.3.jar;E:\Maven_repository\org\elasticsearch\plugin\percolator-client\5.6.10\percolator-client-5.6.10.jar;E:\Maven_repository\org\elasticsearch\plugin\parent-join-client\5.6.10\parent-join-client-5.6.10.jar;E:\Maven_repository\org\elasticsearch\plugin\transport-netty4-client\5.6.10\transport-netty4-client-5.6.10.jar;E:\Maven_repository\io\netty\netty-buffer\4.1.27.Final\netty-buffer-4.1.27.Final.jar;E:\Maven_repository\io\netty\netty-codec\4.1.27.Final\netty-codec-4.1.27.Final.jar;E:\Maven_repository\io\netty\netty-codec-http\4.1.27.Final\netty-codec-http-4.1.27.Final.jar;E:\Maven_repository\io\netty\netty-common\4.1.27.Final\netty-common-4.1.27.Final.jar;E:\Maven_repository\io\netty\netty-handler\4.1.27.Final\netty-handler-4.1.27.Final.jar;E:\Maven_repository\io\netty\netty-resolver\4.1.27.Final\netty-resolver-4.1.27.Final.jar;E:\Maven_repository\io\netty\netty-transport\4.1.27.Final\netty-transport-4.1.27.Final.jar;E:\Maven_repository\org\locationtech\spatial4j\spatial4j\0.6\spatial4j-0.6.jar;E:\Maven_repository\com\vividsolutions\jts\1.13\jts-1.13.jar;E:\Maven_repository\org\apache\logging\log4j\log4j-api\2.10.0\log4j-api-2.10.0.jar;E:\Maven_repository\org\elasticsearch\jna\4.4.0-1\jna-4.4.0-1.jar;E:\Maven_repository\com\fasterxml\jackson\core\jackson-core\2.9.6\jackson-core-2.9.6.jar;E:\Maven_repository\com\fasterxml\jackson\core\jackson-databind\2.9.6\jackson-databind-2.9.6.jar;E:\Maven_repository\com\fasterxml\jackson\core\jackson-annotations\2.9.0\jackson-annotations-2.9.0.jar;E:\Maven_repository\org\slf4j\slf4j-api\1.7.25\slf4j-api-1.7.25.jar;E:\Maven_repository\org\springframework\boot\spring-boot-starter-data-jpa\2.0.4.RELEASE\spring-boot-starter-data-jpa-2.0.4.RELEASE.jar;E:\Maven_repository\org\springframework\boot\spring-boot-starter-aop\2.0.4.RELEASE\spring-boot-starter-aop-2.0.4.RELEASE.jar;E:\Maven_repository\org\springframework\spring-aop\5.0.8.RELEASE\spring-aop-5.0.8.RELEASE.jar;E:\Maven_repository\org\aspectj\aspectjweaver\1.8.13\aspectjweaver-1.8.13.jar;E:\Maven_repository\org\hibernate\hibernate-core\5.2.17.Final\hibernate-core-5.2.17.Final.jar;E:\Maven_repository\org\jboss\logging\jboss-logging\3.3.2.Final\jboss-logging-3.3.2.Final.jar;E:\Maven_repository\org\hibernate\javax\persistence\hibernate-jpa-2.1-api\1.0.2.Final\hibernate-jpa-2.1-api-1.0.2.Final.jar;E:\Maven_repository\org\javassist\javassist\3.22.0-GA\javassist-3.22.0-GA.jar;E:\Maven_repository\antlr\antlr\2.7.7\antlr-2.7.7.jar;E:\Maven_repository\org\jboss\jandex\2.0.3.Final\jandex-2.0.3.Final.jar;E:\Maven_repository\com\fasterxml\classmate\1.3.4\classmate-1.3.4.jar;E:\Maven_repository\dom4j\dom4j\1.6.1\dom4j-1.6.1.jar;E:\Maven_repository\org\hibernate\common\hibernate-commons-annotations\5.0.1.Final\hibernate-commons-annotations-5.0.1.Final.jar;E:\Maven_repository\javax\transaction\javax.transaction-api\1.2\javax.transaction-api-1.2.jar;E:\Maven_repository\org\springframework\data\spring-data-jpa\2.0.9.RELEASE\spring-data-jpa-2.0.9.RELEASE.jar;E:\Maven_repository\org\springframework\spring-orm\5.0.8.RELEASE\spring-orm-5.0.8.RELEASE.jar;E:\Maven_repository\org\springframework\spring-beans\5.0.8.RELEASE\spring-beans-5.0.8.RELEASE.jar;E:\Maven_repository\org\springframework\spring-aspects\5.0.8.RELEASE\spring-aspects-5.0.8.RELEASE.jar;E:\Maven_repository\org\springframework\boot\spring-boot-starter-data-mongodb\2.0.4.RELEASE\spring-boot-starter-data-mongodb-2.0.4.RELEASE.jar;E:\Maven_repository\org\mongodb\mongodb-driver\3.6.4\mongodb-driver-3.6.4.jar;E:\Maven_repository\org\mongodb\bson\3.6.4\bson-3.6.4.jar;E:\Maven_repository\org\mongodb\mongodb-driver-core\3.6.4\mongodb-driver-core-3.6.4.jar;E:\Maven_repository\org\springframework\data\spring-data-mongodb\2.0.9.RELEASE\spring-data-mongodb-2.0.9.RELEASE.jar;E:\Maven_repository\org\springframework\spring-expression\5.0.8.RELEASE\spring-expression-5.0.8.RELEASE.jar;E:\Maven_repository\org\springframework\boot\spring-boot-starter-freemarker\2.0.4.RELEASE\spring-boot-starter-freemarker-2.0.4.RELEASE.jar;E:\Maven_repository\org\freemarker\freemarker\2.3.28\freemarker-2.3.28.jar;E:\Maven_repository\org\springframework\spring-context-support\5.0.8.RELEASE\spring-context-support-5.0.8.RELEASE.jar;E:\Maven_repository\org\springframework\boot\spring-boot-starter-jdbc\2.0.4.RELEASE\spring-boot-starter-jdbc-2.0.4.RELEASE.jar;E:\Maven_repository\com\zaxxer\HikariCP\2.7.9\HikariCP-2.7.9.jar;E:\Maven_repository\org\springframework\spring-jdbc\5.0.8.RELEASE\spring-jdbc-5.0.8.RELEASE.jar;E:\Maven_repository\org\springframework\boot\spring-boot-starter-web\2.0.4.RELEASE\spring-boot-starter-web-2.0.4.RELEASE.jar;E:\Maven_repository\org\springframework\boot\spring-boot-starter-json\2.0.4.RELEASE\spring-boot-starter-json-2.0.4.RELEASE.jar;E:\Maven_repository\com\fasterxml\jackson\datatype\jackson-datatype-jdk8\2.9.6\jackson-datatype-jdk8-2.9.6.jar;E:\Maven_repository\com\fasterxml\jackson\datatype\jackson-datatype-jsr310\2.9.6\jackson-datatype-jsr310-2.9.6.jar;E:\Maven_repository\com\fasterxml\jackson\module\jackson-module-parameter-names\2.9.6\jackson-module-parameter-names-2.9.6.jar;E:\Maven_repository\org\springframework\boot\spring-boot-starter-tomcat\2.0.4.RELEASE\spring-boot-starter-tomcat-2.0.4.RELEASE.jar;E:\Maven_repository\org\apache\tomcat\embed\tomcat-embed-core\8.5.32\tomcat-embed-core-8.5.32.jar;E:\Maven_repository\org\apache\tomcat\embed\tomcat-embed-el\8.5.32\tomcat-embed-el-8.5.32.jar;E:\Maven_repository\org\apache\tomcat\embed\tomcat-embed-websocket\8.5.32\tomcat-embed-websocket-8.5.32.jar;E:\Maven_repository\org\hibernate\validator\hibernate-validator\6.0.11.Final\hibernate-validator-6.0.11.Final.jar;E:\Maven_repository\javax\validation\validation-api\2.0.1.Final\validation-api-2.0.1.Final.jar;E:\Maven_repository\org\springframework\spring-web\5.0.8.RELEASE\spring-web-5.0.8.RELEASE.jar;E:\Maven_repository\org\springframework\spring-webmvc\5.0.8.RELEASE\spring-webmvc-5.0.8.RELEASE.jar;E:\Maven_repository\org\mybatis\spring\boot\mybatis-spring-boot-starter\1.3.2\mybatis-spring-boot-starter-1.3.2.jar;E:\Maven_repository\org\mybatis\spring\boot\mybatis-spring-boot-autoconfigure\1.3.2\mybatis-spring-boot-autoconfigure-1.3.2.jar;E:\Maven_repository\org\mybatis\mybatis\3.4.6\mybatis-3.4.6.jar;E:\Maven_repository\org\mybatis\mybatis-spring\1.3.2\mybatis-spring-1.3.2.jar;E:\Maven_repository\mysql\mysql-connector-java\5.1.46\mysql-connector-java-5.1.46.jar;E:\Maven_repository\org\postgresql\postgresql\42.2.4\postgresql-42.2.4.jar;E:\Maven_repository\org\projectlombok\lombok\1.16.22\lombok-1.16.22.jar;E:\Maven_repository\org\springframework\boot\spring-boot-starter-test\2.0.4.RELEASE\spring-boot-starter-test-2.0.4.RELEASE.jar;E:\Maven_repository\org\springframework\boot\spring-boot-test\2.0.4.RELEASE\spring-boot-test-2.0.4.RELEASE.jar;E:\Maven_repository\org\springframework\boot\spring-boot-test-autoconfigure\2.0.4.RELEASE\spring-boot-test-autoconfigure-2.0.4.RELEASE.jar;E:\Maven_repository\com\jayway\jsonpath\json-path\2.4.0\json-path-2.4.0.jar;E:\Maven_repository\net\minidev\json-smart\2.3\json-smart-2.3.jar;E:\Maven_repository\net\minidev\accessors-smart\1.2\accessors-smart-1.2.jar;E:\Maven_repository\org\ow2\asm\asm\5.0.4\asm-5.0.4.jar;E:\Maven_repository\junit\junit\4.12\junit-4.12.jar;E:\Maven_repository\org\assertj\assertj-core\3.9.1\assertj-core-3.9.1.jar;E:\Maven_repository\org\mockito\mockito-core\2.15.0\mockito-core-2.15.0.jar;E:\Maven_repository\net\bytebuddy\byte-buddy\1.7.11\byte-buddy-1.7.11.jar;E:\Maven_repository\net\bytebuddy\byte-buddy-agent\1.7.11\byte-buddy-agent-1.7.11.jar;E:\Maven_repository\org\objenesis\objenesis\2.6\objenesis-2.6.jar;E:\Maven_repository\org\hamcrest\hamcrest-core\1.3\hamcrest-core-1.3.jar;E:\Maven_repository\org\hamcrest\hamcrest-library\1.3\hamcrest-library-1.3.jar;E:\Maven_repository\org\skyscreamer\jsonassert\1.5.0\jsonassert-1.5.0.jar;E:\Maven_repository\com\vaadin\external\google\android-json\0.0.20131108.vaadin1\android-json-0.0.20131108.vaadin1.jar;E:\Maven_repository\org\springframework\spring-core\5.0.8.RELEASE\spring-core-5.0.8.RELEASE.jar;E:\Maven_repository\org\springframework\spring-jcl\5.0.8.RELEASE\spring-jcl-5.0.8.RELEASE.jar;E:\Maven_repository\org\springframework\spring-test\5.0.8.RELEASE\spring-test-5.0.8.RELEASE.jar;E:\Maven_repository\org\xmlunit\xmlunit-core\2.5.1\xmlunit-core-2.5.1.jar;"/>
    <property name="java.vm.vendor" value="Oracle Corporation"/>
    <property name="sun.arch.data.model" value="64"/>
    <property name="user.variant" value=""/>
    <property name="java.vendor.url" value="http://java.oracle.com/"/>
    <property name="user.timezone" value=""/>
    <property name="java.vm.specification.version" value="1.8"/>
    <property name="os.name" value="Windows 10"/>
    <property name="user.country" value="CN"/>
    <property name="sun.java.launcher" value="SUN_STANDARD"/>
    <property name="sun.boot.library.path" value="E:\Java_environment\jdk1.8\jre\bin"/>
    <property name="sun.java.command" value="C:\Users\Usher\AppData\Local\Temp\surefire3761651123435531268\surefirebooter8892571385726565946.jar C:\Users\Usher\AppData\Local\Temp\surefire3761651123435531268 2018-09-13T11-18-14_654-jvmRun1 surefire672512511348191184tmp surefire_05296019068517608463tmp"/>
    <property name="surefire.test.class.path" value="E:\git_repository\techstack-examples\rpc-lite\rpc-core\target\test-classes;E:\git_repository\techstack-examples\rpc-lite\rpc-core\target\classes;E:\Maven_repository\com\caucho\hessian\4.0.38\hessian-4.0.38.jar;E:\Maven_repository\org\eclipse\jetty\jetty-server\7.6.9.v20130131\jetty-server-7.6.9.v20130131.jar;E:\Maven_repository\org\eclipse\jetty\orbit\javax.servlet\2.5.0.v201103041518\javax.servlet-2.5.0.v201103041518.jar;E:\Maven_repository\org\eclipse\jetty\jetty-continuation\9.4.11.v20180605\jetty-continuation-9.4.11.v20180605.jar;E:\Maven_repository\org\eclipse\jetty\jetty-http\7.6.9.v20130131\jetty-http-7.6.9.v20130131.jar;E:\Maven_repository\org\eclipse\jetty\jetty-io\7.6.9.v20130131\jetty-io-7.6.9.v20130131.jar;E:\Maven_repository\org\eclipse\jetty\jetty-util\7.6.9.v20130131\jetty-util-7.6.9.v20130131.jar;E:\Maven_repository\org\springframework\boot\spring-boot-starter-data-elasticsearch\2.0.4.RELEASE\spring-boot-starter-data-elasticsearch-2.0.4.RELEASE.jar;E:\Maven_repository\org\springframework\boot\spring-boot-starter\2.0.4.RELEASE\spring-boot-starter-2.0.4.RELEASE.jar;E:\Maven_repository\org\springframework\boot\spring-boot\2.0.4.RELEASE\spring-boot-2.0.4.RELEASE.jar;E:\Maven_repository\org\springframework\boot\spring-boot-autoconfigure\2.0.4.RELEASE\spring-boot-autoconfigure-2.0.4.RELEASE.jar;E:\Maven_repository\org\springframework\boot\spring-boot-starter-logging\2.0.4.RELEASE\spring-boot-starter-logging-2.0.4.RELEASE.jar;E:\Maven_repository\ch\qos\logback\logback-classic\1.2.3\logback-classic-1.2.3.jar;E:\Maven_repository\ch\qos\logback\logback-core\1.2.3\logback-core-1.2.3.jar;E:\Maven_repository\org\apache\logging\log4j\log4j-to-slf4j\2.10.0\log4j-to-slf4j-2.10.0.jar;E:\Maven_repository\org\slf4j\jul-to-slf4j\1.7.25\jul-to-slf4j-1.7.25.jar;E:\Maven_repository\javax\annotation\javax.annotation-api\1.3.2\javax.annotation-api-1.3.2.jar;E:\Maven_repository\org\yaml\snakeyaml\1.19\snakeyaml-1.19.jar;E:\Maven_repository\org\springframework\data\spring-data-elasticsearch\3.0.9.RELEASE\spring-data-elasticsearch-3.0.9.RELEASE.jar;E:\Maven_repository\org\springframework\spring-context\5.0.8.RELEASE\spring-context-5.0.8.RELEASE.jar;E:\Maven_repository\org\springframework\spring-tx\5.0.8.RELEASE\spring-tx-5.0.8.RELEASE.jar;E:\Maven_repository\org\springframework\data\spring-data-commons\2.0.9.RELEASE\spring-data-commons-2.0.9.RELEASE.jar;E:\Maven_repository\joda-time\joda-time\2.9.9\joda-time-2.9.9.jar;E:\Maven_repository\org\elasticsearch\client\transport\5.6.10\transport-5.6.10.jar;E:\Maven_repository\org\elasticsearch\elasticsearch\5.6.10\elasticsearch-5.6.10.jar;E:\Maven_repository\org\apache\lucene\lucene-core\6.6.1\lucene-core-6.6.1.jar;E:\Maven_repository\org\apache\lucene\lucene-analyzers-common\6.6.1\lucene-analyzers-common-6.6.1.jar;E:\Maven_repository\org\apache\lucene\lucene-backward-codecs\6.6.1\lucene-backward-codecs-6.6.1.jar;E:\Maven_repository\org\apache\lucene\lucene-grouping\6.6.1\lucene-grouping-6.6.1.jar;E:\Maven_repository\org\apache\lucene\lucene-highlighter\6.6.1\lucene-highlighter-6.6.1.jar;E:\Maven_repository\org\apache\lucene\lucene-join\6.6.1\lucene-join-6.6.1.jar;E:\Maven_repository\org\apache\lucene\lucene-memory\6.6.1\lucene-memory-6.6.1.jar;E:\Maven_repository\org\apache\lucene\lucene-misc\6.6.1\lucene-misc-6.6.1.jar;E:\Maven_repository\org\apache\lucene\lucene-queries\6.6.1\lucene-queries-6.6.1.jar;E:\Maven_repository\org\apache\lucene\lucene-queryparser\6.6.1\lucene-queryparser-6.6.1.jar;E:\Maven_repository\org\apache\lucene\lucene-sandbox\6.6.1\lucene-sandbox-6.6.1.jar;E:\Maven_repository\org\apache\lucene\lucene-spatial\6.6.1\lucene-spatial-6.6.1.jar;E:\Maven_repository\org\apache\lucene\lucene-spatial-extras\6.6.1\lucene-spatial-extras-6.6.1.jar;E:\Maven_repository\org\apache\lucene\lucene-spatial3d\6.6.1\lucene-spatial3d-6.6.1.jar;E:\Maven_repository\org\apache\lucene\lucene-suggest\6.6.1\lucene-suggest-6.6.1.jar;E:\Maven_repository\org\elasticsearch\securesm\1.2\securesm-1.2.jar;E:\Maven_repository\net\sf\jopt-simple\jopt-simple\5.0.2\jopt-simple-5.0.2.jar;E:\Maven_repository\com\carrotsearch\hppc\0.7.1\hppc-0.7.1.jar;E:\Maven_repository\com\fasterxml\jackson\dataformat\jackson-dataformat-smile\2.9.6\jackson-dataformat-smile-2.9.6.jar;E:\Maven_repository\com\fasterxml\jackson\dataformat\jackson-dataformat-yaml\2.9.6\jackson-dataformat-yaml-2.9.6.jar;E:\Maven_repository\com\fasterxml\jackson\dataformat\jackson-dataformat-cbor\2.9.6\jackson-dataformat-cbor-2.9.6.jar;E:\Maven_repository\com\tdunning\t-digest\3.0\t-digest-3.0.jar;E:\Maven_repository\org\hdrhistogram\HdrHistogram\2.1.9\HdrHistogram-2.1.9.jar;E:\Maven_repository\org\elasticsearch\plugin\reindex-client\5.6.10\reindex-client-5.6.10.jar;E:\Maven_repository\org\elasticsearch\client\elasticsearch-rest-client\5.6.10\elasticsearch-rest-client-5.6.10.jar;E:\Maven_repository\org\apache\httpcomponents\httpclient\4.5.6\httpclient-4.5.6.jar;E:\Maven_repository\org\apache\httpcomponents\httpcore\4.4.10\httpcore-4.4.10.jar;E:\Maven_repository\org\apache\httpcomponents\httpasyncclient\4.1.3\httpasyncclient-4.1.3.jar;E:\Maven_repository\org\apache\httpcomponents\httpcore-nio\4.4.10\httpcore-nio-4.4.10.jar;E:\Maven_repository\commons-codec\commons-codec\1.11\commons-codec-1.11.jar;E:\Maven_repository\org\elasticsearch\plugin\lang-mustache-client\5.6.10\lang-mustache-client-5.6.10.jar;E:\Maven_repository\com\github\spullara\mustache\java\compiler\0.9.3\compiler-0.9.3.jar;E:\Maven_repository\org\elasticsearch\plugin\percolator-client\5.6.10\percolator-client-5.6.10.jar;E:\Maven_repository\org\elasticsearch\plugin\parent-join-client\5.6.10\parent-join-client-5.6.10.jar;E:\Maven_repository\org\elasticsearch\plugin\transport-netty4-client\5.6.10\transport-netty4-client-5.6.10.jar;E:\Maven_repository\io\netty\netty-buffer\4.1.27.Final\netty-buffer-4.1.27.Final.jar;E:\Maven_repository\io\netty\netty-codec\4.1.27.Final\netty-codec-4.1.27.Final.jar;E:\Maven_repository\io\netty\netty-codec-http\4.1.27.Final\netty-codec-http-4.1.27.Final.jar;E:\Maven_repository\io\netty\netty-common\4.1.27.Final\netty-common-4.1.27.Final.jar;E:\Maven_repository\io\netty\netty-handler\4.1.27.Final\netty-handler-4.1.27.Final.jar;E:\Maven_repository\io\netty\netty-resolver\4.1.27.Final\netty-resolver-4.1.27.Final.jar;E:\Maven_repository\io\netty\netty-transport\4.1.27.Final\netty-transport-4.1.27.Final.jar;E:\Maven_repository\org\locationtech\spatial4j\spatial4j\0.6\spatial4j-0.6.jar;E:\Maven_repository\com\vividsolutions\jts\1.13\jts-1.13.jar;E:\Maven_repository\org\apache\logging\log4j\log4j-api\2.10.0\log4j-api-2.10.0.jar;E:\Maven_repository\org\elasticsearch\jna\4.4.0-1\jna-4.4.0-1.jar;E:\Maven_repository\com\fasterxml\jackson\core\jackson-core\2.9.6\jackson-core-2.9.6.jar;E:\Maven_repository\com\fasterxml\jackson\core\jackson-databind\2.9.6\jackson-databind-2.9.6.jar;E:\Maven_repository\com\fasterxml\jackson\core\jackson-annotations\2.9.0\jackson-annotations-2.9.0.jar;E:\Maven_repository\org\slf4j\slf4j-api\1.7.25\slf4j-api-1.7.25.jar;E:\Maven_repository\org\springframework\boot\spring-boot-starter-data-jpa\2.0.4.RELEASE\spring-boot-starter-data-jpa-2.0.4.RELEASE.jar;E:\Maven_repository\org\springframework\boot\spring-boot-starter-aop\2.0.4.RELEASE\spring-boot-starter-aop-2.0.4.RELEASE.jar;E:\Maven_repository\org\springframework\spring-aop\5.0.8.RELEASE\spring-aop-5.0.8.RELEASE.jar;E:\Maven_repository\org\aspectj\aspectjweaver\1.8.13\aspectjweaver-1.8.13.jar;E:\Maven_repository\org\hibernate\hibernate-core\5.2.17.Final\hibernate-core-5.2.17.Final.jar;E:\Maven_repository\org\jboss\logging\jboss-logging\3.3.2.Final\jboss-logging-3.3.2.Final.jar;E:\Maven_repository\org\hibernate\javax\persistence\hibernate-jpa-2.1-api\1.0.2.Final\hibernate-jpa-2.1-api-1.0.2.Final.jar;E:\Maven_repository\org\javassist\javassist\3.22.0-GA\javassist-3.22.0-GA.jar;E:\Maven_repository\antlr\antlr\2.7.7\antlr-2.7.7.jar;E:\Maven_repository\org\jboss\jandex\2.0.3.Final\jandex-2.0.3.Final.jar;E:\Maven_repository\com\fasterxml\classmate\1.3.4\classmate-1.3.4.jar;E:\Maven_repository\dom4j\dom4j\1.6.1\dom4j-1.6.1.jar;E:\Maven_repository\org\hibernate\common\hibernate-commons-annotations\5.0.1.Final\hibernate-commons-annotations-5.0.1.Final.jar;E:\Maven_repository\javax\transaction\javax.transaction-api\1.2\javax.transaction-api-1.2.jar;E:\Maven_repository\org\springframework\data\spring-data-jpa\2.0.9.RELEASE\spring-data-jpa-2.0.9.RELEASE.jar;E:\Maven_repository\org\springframework\spring-orm\5.0.8.RELEASE\spring-orm-5.0.8.RELEASE.jar;E:\Maven_repository\org\springframework\spring-beans\5.0.8.RELEASE\spring-beans-5.0.8.RELEASE.jar;E:\Maven_repository\org\springframework\spring-aspects\5.0.8.RELEASE\spring-aspects-5.0.8.RELEASE.jar;E:\Maven_repository\org\springframework\boot\spring-boot-starter-data-mongodb\2.0.4.RELEASE\spring-boot-starter-data-mongodb-2.0.4.RELEASE.jar;E:\Maven_repository\org\mongodb\mongodb-driver\3.6.4\mongodb-driver-3.6.4.jar;E:\Maven_repository\org\mongodb\bson\3.6.4\bson-3.6.4.jar;E:\Maven_repository\org\mongodb\mongodb-driver-core\3.6.4\mongodb-driver-core-3.6.4.jar;E:\Maven_repository\org\springframework\data\spring-data-mongodb\2.0.9.RELEASE\spring-data-mongodb-2.0.9.RELEASE.jar;E:\Maven_repository\org\springframework\spring-expression\5.0.8.RELEASE\spring-expression-5.0.8.RELEASE.jar;E:\Maven_repository\org\springframework\boot\spring-boot-starter-freemarker\2.0.4.RELEASE\spring-boot-starter-freemarker-2.0.4.RELEASE.jar;E:\Maven_repository\org\freemarker\freemarker\2.3.28\freemarker-2.3.28.jar;E:\Maven_repository\org\springframework\spring-context-support\5.0.8.RELEASE\spring-context-support-5.0.8.RELEASE.jar;E:\Maven_repository\org\springframework\boot\spring-boot-starter-jdbc\2.0.4.RELEASE\spring-boot-starter-jdbc-2.0.4.RELEASE.jar;E:\Maven_repository\com\zaxxer\HikariCP\2.7.9\HikariCP-2.7.9.jar;E:\Maven_repository\org\springframework\spring-jdbc\5.0.8.RELEASE\spring-jdbc-5.0.8.RELEASE.jar;E:\Maven_repository\org\springframework\boot\spring-boot-starter-web\2.0.4.RELEASE\spring-boot-starter-web-2.0.4.RELEASE.jar;E:\Maven_repository\org\springframework\boot\spring-boot-starter-json\2.0.4.RELEASE\spring-boot-starter-json-2.0.4.RELEASE.jar;E:\Maven_repository\com\fasterxml\jackson\datatype\jackson-datatype-jdk8\2.9.6\jackson-datatype-jdk8-2.9.6.jar;E:\Maven_repository\com\fasterxml\jackson\datatype\jackson-datatype-jsr310\2.9.6\jackson-datatype-jsr310-2.9.6.jar;E:\Maven_repository\com\fasterxml\jackson\module\jackson-module-parameter-names\2.9.6\jackson-module-parameter-names-2.9.6.jar;E:\Maven_repository\org\springframework\boot\spring-boot-starter-tomcat\2.0.4.RELEASE\spring-boot-starter-tomcat-2.0.4.RELEASE.jar;E:\Maven_repository\org\apache\tomcat\embed\tomcat-embed-core\8.5.32\tomcat-embed-core-8.5.32.jar;E:\Maven_repository\org\apache\tomcat\embed\tomcat-embed-el\8.5.32\tomcat-embed-el-8.5.32.jar;E:\Maven_repository\org\apache\tomcat\embed\tomcat-embed-websocket\8.5.32\tomcat-embed-websocket-8.5.32.jar;E:\Maven_repository\org\hibernate\validator\hibernate-validator\6.0.11.Final\hibernate-validator-6.0.11.Final.jar;E:\Maven_repository\javax\validation\validation-api\2.0.1.Final\validation-api-2.0.1.Final.jar;E:\Maven_repository\org\springframework\spring-web\5.0.8.RELEASE\spring-web-5.0.8.RELEASE.jar;E:\Maven_repository\org\springframework\spring-webmvc\5.0.8.RELEASE\spring-webmvc-5.0.8.RELEASE.jar;E:\Maven_repository\org\mybatis\spring\boot\mybatis-spring-boot-starter\1.3.2\mybatis-spring-boot-starter-1.3.2.jar;E:\Maven_repository\org\mybatis\spring\boot\mybatis-spring-boot-autoconfigure\1.3.2\mybatis-spring-boot-autoconfigure-1.3.2.jar;E:\Maven_repository\org\mybatis\mybatis\3.4.6\mybatis-3.4.6.jar;E:\Maven_repository\org\mybatis\mybatis-spring\1.3.2\mybatis-spring-1.3.2.jar;E:\Maven_repository\mysql\mysql-connector-java\5.1.46\mysql-connector-java-5.1.46.jar;E:\Maven_repository\org\postgresql\postgresql\42.2.4\postgresql-42.2.4.jar;E:\Maven_repository\org\projectlombok\lombok\1.16.22\lombok-1.16.22.jar;E:\Maven_repository\org\springframework\boot\spring-boot-starter-test\2.0.4.RELEASE\spring-boot-starter-test-2.0.4.RELEASE.jar;E:\Maven_repository\org\springframework\boot\spring-boot-test\2.0.4.RELEASE\spring-boot-test-2.0.4.RELEASE.jar;E:\Maven_repository\org\springframework\boot\spring-boot-test-autoconfigure\2.0.4.RELEASE\spring-boot-test-autoconfigure-2.0.4.RELEASE.jar;E:\Maven_repository\com\jayway\jsonpath\json-path\2.4.0\json-path-2.4.0.jar;E:\Maven_repository\net\minidev\json-smart\2.3\json-smart-2.3.jar;E:\Maven_repository\net\minidev\accessors-smart\1.2\accessors-smart-1.2.jar;E:\Maven_repository\org\ow2\asm\asm\5.0.4\asm-5.0.4.jar;E:\Maven_repository\junit\junit\4.12\junit-4.12.jar;E:\Maven_repository\org\assertj\assertj-core\3.9.1\assertj-core-3.9.1.jar;E:\Maven_repository\org\mockito\mockito-core\2.15.0\mockito-core-2.15.0.jar;E:\Maven_repository\net\bytebuddy\byte-buddy\1.7.11\byte-buddy-1.7.11.jar;E:\Maven_repository\net\bytebuddy\byte-buddy-agent\1.7.11\byte-buddy-agent-1.7.11.jar;E:\Maven_repository\org\objenesis\objenesis\2.6\objenesis-2.6.jar;E:\Maven_repository\org\hamcrest\hamcrest-core\1.3\hamcrest-core-1.3.jar;E:\Maven_repository\org\hamcrest\hamcrest-library\1.3\hamcrest-library-1.3.jar;E:\Maven_repository\org\skyscreamer\jsonassert\1.5.0\jsonassert-1.5.0.jar;E:\Maven_repository\com\vaadin\external\google\android-json\0.0.20131108.vaadin1\android-json-0.0.20131108.vaadin1.jar;E:\Maven_repository\org\springframework\spring-core\5.0.8.RELEASE\spring-core-5.0.8.RELEASE.jar;E:\Maven_repository\org\springframework\spring-jcl\5.0.8.RELEASE\spring-jcl-5.0.8.RELEASE.jar;E:\Maven_repository\org\springframework\spring-test\5.0.8.RELEASE\spring-test-5.0.8.RELEASE.jar;E:\Maven_repository\org\xmlunit\xmlunit-core\2.5.1\xmlunit-core-2.5.1.jar;"/>
    <property name="sun.cpu.endian" value="little"/>
    <property name="user.home" value="C:\Users\Usher"/>
    <property name="user.language" value="zh"/>
    <property name="java.specification.vendor" value="Oracle Corporation"/>
    <property name="java.home" value="E:\Java_environment\jdk1.8\jre"/>
    <property name="basedir" value="E:\git_repository\techstack-examples\rpc-lite\rpc-core"/>
    <property name="file.separator" value="\"/>
    <property name="line.separator" value="&#10;"/>
    <property name="java.vm.specification.vendor" value="Oracle Corporation"/>
    <property name="java.specification.name" value="Java Platform API Specification"/>
    <property name="java.awt.graphicsenv" value="sun.awt.Win32GraphicsEnvironment"/>
    <property name="surefire.real.class.path" value="C:\Users\Usher\AppData\Local\Temp\surefire3761651123435531268\surefirebooter8892571385726565946.jar"/>
    <property name="sun.boot.class.path" value="E:\Java_environment\jdk1.8\jre\lib\resources.jar;E:\Java_environment\jdk1.8\jre\lib\rt.jar;E:\Java_environment\jdk1.8\jre\lib\sunrsasign.jar;E:\Java_environment\jdk1.8\jre\lib\jsse.jar;E:\Java_environment\jdk1.8\jre\lib\jce.jar;E:\Java_environment\jdk1.8\jre\lib\charsets.jar;E:\Java_environment\jdk1.8\jre\lib\jfr.jar;E:\Java_environment\jdk1.8\jre\classes"/>
    <property name="user.script" value=""/>
    <property name="sun.management.compiler" value="HotSpot 64-Bit Tiered Compilers"/>
    <property name="java.runtime.version" value="1.8.0_172-b11"/>
    <property name="user.name" value="Usher"/>
    <property name="path.separator" value=";"/>
    <property name="os.version" value="10.0"/>
    <property name="java.endorsed.dirs" value="E:\Java_environment\jdk1.8\jre\lib\endorsed"/>
    <property name="java.runtime.name" value="Java(TM) SE Runtime Environment"/>
    <property name="file.encoding" value="GBK"/>
    <property name="java.vm.name" value="Java HotSpot(TM) 64-Bit Server VM"/>
    <property name="localRepository" value="E:\Maven_repository"/>
    <property name="java.vendor.url.bug" value="http://bugreport.sun.com/bugreport/"/>
    <property name="java.io.tmpdir" value="C:\Users\Usher\AppData\Local\Temp\"/>
    <property name="java.version" value="1.8.0_172"/>
    <property name="user.dir" value="E:\git_repository\techstack-examples\rpc-lite\rpc-core"/>
    <property name="os.arch" value="amd64"/>
    <property name="java.vm.specification.name" value="Java Virtual Machine Specification"/>
    <property name="java.awt.printerjob" value="sun.awt.windows.WPrinterJob"/>
    <property name="sun.os.patch.level" value=""/>
    <property name="java.library.path" value="E:\Java_environment\jdk1.8\jre\bin;C:\WINDOWS\Sun\Java\bin;C:\WINDOWS\system32;C:\WINDOWS;E:\python2.7\;E:\python2.7\Scripts;C:\WINDOWS/system32;C:\WINDOWS;E:\python2.7;E:\Git\cmd;E:\Maven\bin;E:\Java_environment\jdk1.8\bin;E:\nodeJS;C:\WINDOWS\system32;C:\WINDOWS\System32\Wbem;C:\WINDOWS\System32\WindowsPowerShell\v1.0\;C:\WINDOWS\System32\OpenSSH\;E:\python2.7\Scripts;C:\ProgramData\chocolatey\bin;C:\Users\Usher\AppData\Local\Microsoft\WindowsApps;E:\nodeJS\node_global;;."/>
    <property name="java.vm.info" value="mixed mode"/>
    <property name="java.vendor" value="Oracle Corporation"/>
    <property name="java.vm.version" value="25.172-b11"/>
    <property name="java.ext.dirs" value="E:\Java_environment\jdk1.8\jre\lib\ext;C:\WINDOWS\Sun\Java\lib\ext"/>
    <property name="sun.io.unicode.encoding" value="UnicodeLittle"/>
    <property name="java.class.version" value="52.0"/>
  </properties>
  <testcase name="shouldAnswerWithTrue" classname="com.usher.AppTest" time="0.003"/>
</testsuite>